[INFO] Scanning for projects...
[INFO] 
[INFO] ---------------------------< com.bad:batch >----------------------------
[INFO] Building SkillLink 0.0.1-SNAPSHOT
[INFO]   from pom.xml
[INFO] --------------------------------[ jar ]---------------------------------
[INFO] 
[INFO] >>> spring-boot:3.3.1:run (default-cli) > test-compile @ batch >>>
[INFO] 
[INFO] --- resources:3.3.1:resources (default-resources) @ batch ---
[INFO] Copying 1 resource from src/main/resources to target/classes
[INFO] Copying 0 resource from src/main/resources to target/classes
[INFO] 
[INFO] --- compiler:3.13.0:compile (default-compile) @ batch ---
[INFO] Nothing to compile - all classes are up to date.
[INFO] 
[INFO] --- resources:3.3.1:testResources (default-testResources) @ batch ---
[INFO] Copying 2 resources from src/test/resources to target/test-classes
[INFO] 
[INFO] --- compiler:3.13.0:testCompile (default-testCompile) @ batch ---
[INFO] Recompiling the module because of changed source code.
[INFO] Compiling 9 source files with javac [debug parameters release 21] to target/test-classes
[INFO] 
[INFO] <<< spring-boot:3.3.1:run (default-cli) < test-compile @ batch <<<
[INFO] 
[INFO] 
[INFO] --- spring-boot:3.3.1:run (default-cli) @ batch ---
[INFO] Attaching agents: []

  .   ____          _            __ _ _
 /\\ / ___'_ __ _ _(_)_ __  __ _ \ \ \ \
( ( )\___ | '_ | '_| | '_ \/ _` | \ \ \ \
 \\/  ___)| |_)| | | | | || (_| |  ) ) ) )
  '  |____| .__|_| |_|_| |_\__, | / / / /
 =========|_|==============|___/=/_/_/_/

 :: Spring Boot ::                (v3.3.1)

2025-06-24T23:30:33.112-05:00  INFO 212880 --- [SkillLink] [  restartedMain] com.bad.batch.SkillLinkApplication       : Starting SkillLinkApplication using Java 21.0.7 with PID 212880 (/home/farid/Git-Repository/alumnithon-bad-batch-backend/batch/target/classes started by farid in /home/farid/Git-Repository/alumnithon-bad-batch-backend/batch)
2025-06-24T23:30:33.113-05:00  INFO 212880 --- [SkillLink] [  restartedMain] com.bad.batch.SkillLinkApplication       : No active profile set, falling back to 1 default profile: "default"
2025-06-24T23:30:33.136-05:00  INFO 212880 --- [SkillLink] [  restartedMain] .e.DevToolsPropertyDefaultsPostProcessor : Devtools property defaults active! Set 'spring.devtools.add-properties' to 'false' to disable
2025-06-24T23:30:33.137-05:00  INFO 212880 --- [SkillLink] [  restartedMain] .e.DevToolsPropertyDefaultsPostProcessor : For additional web related logging consider setting the 'logging.level.web' property to 'DEBUG'
2025-06-24T23:30:33.603-05:00  INFO 212880 --- [SkillLink] [  restartedMain] .s.d.r.c.RepositoryConfigurationDelegate : Bootstrapping Spring Data JPA repositories in DEFAULT mode.
2025-06-24T23:30:33.649-05:00  INFO 212880 --- [SkillLink] [  restartedMain] .s.d.r.c.RepositoryConfigurationDelegate : Finished Spring Data repository scanning in 42 ms. Found 6 JPA repository interfaces.
2025-06-24T23:30:34.029-05:00  INFO 212880 --- [SkillLink] [  restartedMain] o.s.b.w.embedded.tomcat.TomcatWebServer  : Tomcat initialized with port 8080 (http)
2025-06-24T23:30:34.036-05:00  INFO 212880 --- [SkillLink] [  restartedMain] o.apache.catalina.core.StandardService   : Starting service [Tomcat]
2025-06-24T23:30:34.037-05:00  INFO 212880 --- [SkillLink] [  restartedMain] o.apache.catalina.core.StandardEngine    : Starting Servlet engine: [Apache Tomcat/10.1.25]
2025-06-24T23:30:34.059-05:00  INFO 212880 --- [SkillLink] [  restartedMain] o.a.c.c.C.[Tomcat].[localhost].[/]       : Initializing Spring embedded WebApplicationContext
2025-06-24T23:30:34.060-05:00  INFO 212880 --- [SkillLink] [  restartedMain] w.s.c.ServletWebServerApplicationContext : Root WebApplicationContext: initialization completed in 923 ms
2025-06-24T23:30:34.088-05:00  INFO 212880 --- [SkillLink] [  restartedMain] com.zaxxer.hikari.HikariDataSource       : HikariPool-1 - Starting...
2025-06-24T23:30:35.082-05:00  INFO 212880 --- [SkillLink] [  restartedMain] com.zaxxer.hikari.pool.HikariPool        : HikariPool-1 - Added connection org.postgresql.jdbc.PgConnection@7a1badaf
2025-06-24T23:30:35.083-05:00  INFO 212880 --- [SkillLink] [  restartedMain] com.zaxxer.hikari.HikariDataSource       : HikariPool-1 - Start completed.
2025-06-24T23:30:35.089-05:00  INFO 212880 --- [SkillLink] [  restartedMain] o.s.b.a.h2.H2ConsoleAutoConfiguration    : H2 console available at '/h2-console'. Database available at 'jdbc:postgresql://aws-0-us-east-1.pooler.supabase.com:6543/postgres?prepareThreshold=0'
2025-06-24T23:30:35.155-05:00  INFO 212880 --- [SkillLink] [  restartedMain] o.hibernate.jpa.internal.util.LogHelper  : HHH000204: Processing PersistenceUnitInfo [name: default]
2025-06-24T23:30:35.179-05:00  INFO 212880 --- [SkillLink] [  restartedMain] org.hibernate.Version                    : HHH000412: Hibernate ORM core version 6.5.2.Final
2025-06-24T23:30:35.195-05:00  INFO 212880 --- [SkillLink] [  restartedMain] o.h.c.internal.RegionFactoryInitiator    : HHH000026: Second-level cache disabled
2025-06-24T23:30:35.333-05:00  INFO 212880 --- [SkillLink] [  restartedMain] o.s.o.j.p.SpringPersistenceUnitInfo      : No LoadTimeWeaver setup: ignoring JPA class transformer
2025-06-24T23:30:35.440-05:00  WARN 212880 --- [SkillLink] [  restartedMain] org.hibernate.orm.deprecation            : HHH90000025: PostgreSQLDialect does not need to be specified explicitly using 'hibernate.dialect' (remove the property setting and it will be selected by default)
2025-06-24T23:30:36.358-05:00  INFO 212880 --- [SkillLink] [  restartedMain] o.h.e.t.j.p.i.JtaPlatformInitiator       : HHH000489: No JTA platform available (set 'hibernate.transaction.jta.platform' to enable JTA platform integration)
2025-06-24T23:30:36.449-05:00  INFO 212880 --- [SkillLink] [  restartedMain] org.hibernate.orm.connections.access     : HHH10001501: Connection obtained from JdbcConnectionAccess [org.hibernate.engine.jdbc.env.internal.JdbcEnvironmentInitiator$ConnectionProviderJdbcConnectionAccess@156c8f47] for (non-JTA) DDL execution was not in auto-commit mode; the Connection 'local transaction' will be committed and the Connection will be set into auto-commit mode.
2025-06-24T23:30:41.519-05:00  INFO 212880 --- [SkillLink] [  restartedMain] j.LocalContainerEntityManagerFactoryBean : Initialized JPA EntityManagerFactory for persistence unit 'default'
2025-06-24T23:30:41.781-05:00  INFO 212880 --- [SkillLink] [  restartedMain] o.s.d.j.r.query.QueryEnhancerFactory     : Hibernate is in classpath; If applicable, HQL parser will be used.
2025-06-24T23:30:42.738-05:00  WARN 212880 --- [SkillLink] [  restartedMain] JpaBaseConfiguration$JpaWebConfiguration : spring.jpa.open-in-view is enabled by default. Therefore, database queries may be performed during view rendering. Explicitly configure spring.jpa.open-in-view to disable this warning
2025-06-24T23:30:42.755-05:00  INFO 212880 --- [SkillLink] [  restartedMain] r$InitializeUserDetailsManagerConfigurer : Global AuthenticationManager configured with UserDetailsService bean with name userDetailsServiceImpl
2025-06-24T23:30:42.821-05:00 DEBUG 212880 --- [SkillLink] [  restartedMain] o.s.w.s.s.s.WebSocketHandlerMapping      : Patterns [/ws/**] in 'stompWebSocketHandlerMapping'
2025-06-24T23:30:42.886-05:00 DEBUG 212880 --- [SkillLink] [  restartedMain] s.w.s.m.m.a.RequestMappingHandlerMapping : 39 mappings in 'requestMappingHandlerMapping'
2025-06-24T23:30:42.927-05:00 DEBUG 212880 --- [SkillLink] [  restartedMain] o.s.w.s.handler.SimpleUrlHandlerMapping  : Patterns [/webjars/**, /**, /swagger-ui*/*swagger-initializer.js, /swagger-ui*/**] in 'resourceHandlerMapping'
2025-06-24T23:30:42.967-05:00 DEBUG 212880 --- [SkillLink] [  restartedMain] o.s.s.web.DefaultSecurityFilterChain     : Will secure any request with filters: DisableEncodeUrlFilter, WebAsyncManagerIntegrationFilter, SecurityContextHolderFilter, HeaderWriterFilter, CorsFilter, LogoutFilter, JwtAuthenticationFilter, RequestCacheAwareFilter, SecurityContextHolderAwareRequestFilter, AnonymousAuthenticationFilter, SessionManagementFilter, ExceptionTranslationFilter, AuthorizationFilter
2025-06-24T23:30:43.012-05:00 DEBUG 212880 --- [SkillLink] [  restartedMain] .WebSocketAnnotationMethodMessageHandler : 
	c.b.b.c.ContentController:
	
2025-06-24T23:30:43.012-05:00 DEBUG 212880 --- [SkillLink] [  restartedMain] .WebSocketAnnotationMethodMessageHandler : 
	c.b.b.c.MessageController:
	
2025-06-24T23:30:43.013-05:00 DEBUG 212880 --- [SkillLink] [  restartedMain] .WebSocketAnnotationMethodMessageHandler : 
	c.b.b.c.ProfileController:
	
2025-06-24T23:30:43.013-05:00 DEBUG 212880 --- [SkillLink] [  restartedMain] .WebSocketAnnotationMethodMessageHandler : 
	c.b.b.c.UserController:
	
2025-06-24T23:30:43.013-05:00 DEBUG 212880 --- [SkillLink] [  restartedMain] .WebSocketAnnotationMethodMessageHandler : 
	c.b.b.c.s.AuthApiController:
	
2025-06-24T23:30:43.015-05:00 DEBUG 212880 --- [SkillLink] [  restartedMain] .WebSocketAnnotationMethodMessageHandler : 
	c.b.b.w.c.ChatController:
	{[MESSAGE],[/chat.join]}: joinChat(JoinChatRequest,Principal)
	{[MESSAGE],[/chat.leave]}: leaveChat(JoinChatRequest,Principal)
	{[MESSAGE],[/chat.direct]}: sendDirectMessage(ChatMessageRequest,Principal)
	{[MESSAGE],[/chat.challenge]}: sendChallengeMessage(ChatMessageRequest,Principal)
	{[MESSAGE],[/chat.mentorship]}: sendMentorshipMessage(ChatMessageRequest,Principal)
2025-06-24T23:30:43.016-05:00 DEBUG 212880 --- [SkillLink] [  restartedMain] .WebSocketAnnotationMethodMessageHandler : 
	o.s.b.a.w.s.e.BasicErrorController:
	
2025-06-24T23:30:43.016-05:00 DEBUG 212880 --- [SkillLink] [  restartedMain] .WebSocketAnnotationMethodMessageHandler : 
	o.s.w.a.OpenApiWebMvcResource:
	
2025-06-24T23:30:43.016-05:00 DEBUG 212880 --- [SkillLink] [  restartedMain] .WebSocketAnnotationMethodMessageHandler : 
	o.s.w.u.SwaggerWelcomeWebMvc:
	
2025-06-24T23:30:43.016-05:00 DEBUG 212880 --- [SkillLink] [  restartedMain] .WebSocketAnnotationMethodMessageHandler : 
	o.s.w.u.SwaggerConfigResource:
	
2025-06-24T23:30:43.088-05:00 DEBUG 212880 --- [SkillLink] [  restartedMain] s.w.s.m.m.a.RequestMappingHandlerAdapter : ControllerAdvice beans: 0 @ModelAttribute, 0 @InitBinder, 1 RequestBodyAdvice, 1 ResponseBodyAdvice
2025-06-24T23:30:43.115-05:00 DEBUG 212880 --- [SkillLink] [  restartedMain] .m.m.a.ExceptionHandlerExceptionResolver : ControllerAdvice beans: 2 @ExceptionHandler, 1 ResponseBodyAdvice
2025-06-24T23:30:43.256-05:00  INFO 212880 --- [SkillLink] [  restartedMain] o.s.b.d.a.OptionalLiveReloadServer       : LiveReload server is running on port 35729
2025-06-24T23:30:43.277-05:00  INFO 212880 --- [SkillLink] [  restartedMain] o.s.b.w.embedded.tomcat.TomcatWebServer  : Tomcat started on port 8080 (http) with context path '/'
2025-06-24T23:30:43.278-05:00 DEBUG 212880 --- [SkillLink] [  restartedMain] org.springframework.web.SimpLogging      : clientOutboundChannel added SubProtocolWebSocketHandler[StompSubProtocolHandler[v10.stomp, v11.stomp, v12.stomp]]
2025-06-24T23:30:43.278-05:00 DEBUG 212880 --- [SkillLink] [  restartedMain] org.springframework.web.SimpLogging      : clientInboundChannel added WebSocketAnnotationMethodMessageHandler[prefixes=[/app/]]
2025-06-24T23:30:43.278-05:00  INFO 212880 --- [SkillLink] [  restartedMain] o.s.m.s.b.SimpleBrokerMessageHandler     : Starting...
2025-06-24T23:30:43.278-05:00 DEBUG 212880 --- [SkillLink] [  restartedMain] org.springframework.web.SimpLogging      : clientInboundChannel added SimpleBrokerMessageHandler [org.springframework.messaging.simp.broker.DefaultSubscriptionRegistry@2807faff]
2025-06-24T23:30:43.278-05:00 DEBUG 212880 --- [SkillLink] [  restartedMain] org.springframework.web.SimpLogging      : brokerChannel added SimpleBrokerMessageHandler [org.springframework.messaging.simp.broker.DefaultSubscriptionRegistry@2807faff]
2025-06-24T23:30:43.278-05:00  INFO 212880 --- [SkillLink] [  restartedMain] o.s.m.s.b.SimpleBrokerMessageHandler     : BrokerAvailabilityEvent[available=true, SimpleBrokerMessageHandler [org.springframework.messaging.simp.broker.DefaultSubscriptionRegistry@2807faff]]
2025-06-24T23:30:43.278-05:00  INFO 212880 --- [SkillLink] [  restartedMain] o.s.m.s.b.SimpleBrokerMessageHandler     : Started.
2025-06-24T23:30:43.279-05:00 DEBUG 212880 --- [SkillLink] [  restartedMain] org.springframework.web.SimpLogging      : clientInboundChannel added UserDestinationMessageHandler[DefaultUserDestinationResolver[prefix=/user/]]
2025-06-24T23:30:43.279-05:00 DEBUG 212880 --- [SkillLink] [  restartedMain] org.springframework.web.SimpLogging      : brokerChannel added UserDestinationMessageHandler[DefaultUserDestinationResolver[prefix=/user/]]
2025-06-24T23:30:43.284-05:00  INFO 212880 --- [SkillLink] [  restartedMain] com.bad.batch.SkillLinkApplication       : Started SkillLinkApplication in 10.364 seconds (process running for 10.586)
2025-06-24T23:31:15.623-05:00  INFO 212880 --- [SkillLink] [nio-8080-exec-1] o.a.c.c.C.[Tomcat].[localhost].[/]       : Initializing Spring DispatcherServlet 'dispatcherServlet'
2025-06-24T23:31:15.624-05:00  INFO 212880 --- [SkillLink] [nio-8080-exec-1] o.s.web.servlet.DispatcherServlet        : Initializing Servlet 'dispatcherServlet'
2025-06-24T23:31:15.624-05:00 DEBUG 212880 --- [SkillLink] [nio-8080-exec-1] o.s.web.servlet.DispatcherServlet        : Detected StandardServletMultipartResolver
2025-06-24T23:31:15.624-05:00 DEBUG 212880 --- [SkillLink] [nio-8080-exec-1] o.s.web.servlet.DispatcherServlet        : Detected AcceptHeaderLocaleResolver
2025-06-24T23:31:15.624-05:00 DEBUG 212880 --- [SkillLink] [nio-8080-exec-1] o.s.web.servlet.DispatcherServlet        : Detected FixedThemeResolver
2025-06-24T23:31:15.625-05:00 DEBUG 212880 --- [SkillLink] [nio-8080-exec-1] o.s.web.servlet.DispatcherServlet        : Detected org.springframework.web.servlet.view.DefaultRequestToViewNameTranslator@4cc698ca
2025-06-24T23:31:15.625-05:00 DEBUG 212880 --- [SkillLink] [nio-8080-exec-1] o.s.web.servlet.DispatcherServlet        : Detected org.springframework.web.servlet.support.SessionFlashMapManager@74daa9a8
2025-06-24T23:31:15.625-05:00 DEBUG 212880 --- [SkillLink] [nio-8080-exec-1] o.s.web.servlet.DispatcherServlet        : enableLoggingRequestDetails='false': request parameters and headers will be masked to prevent unsafe logging of potentially sensitive data
2025-06-24T23:31:15.625-05:00  INFO 212880 --- [SkillLink] [nio-8080-exec-1] o.s.web.servlet.DispatcherServlet        : Completed initialization in 1 ms
2025-06-24T23:31:15.634-05:00 DEBUG 212880 --- [SkillLink] [nio-8080-exec-1] o.s.security.web.FilterChainProxy        : Securing POST /api/auth/register
2025-06-24T23:31:15.638-05:00 DEBUG 212880 --- [SkillLink] [nio-8080-exec-1] o.s.s.w.a.AnonymousAuthenticationFilter  : Set SecurityContextHolder to anonymous SecurityContext
2025-06-24T23:31:15.640-05:00 DEBUG 212880 --- [SkillLink] [nio-8080-exec-1] o.s.security.web.FilterChainProxy        : Secured POST /api/auth/register
2025-06-24T23:31:15.641-05:00 DEBUG 212880 --- [SkillLink] [nio-8080-exec-1] o.s.web.servlet.DispatcherServlet        : POST "/api/auth/register", parameters={}
2025-06-24T23:31:15.642-05:00 DEBUG 212880 --- [SkillLink] [nio-8080-exec-1] s.w.s.m.m.a.RequestMappingHandlerMapping : Mapped to com.bad.batch.controller.security.AuthApiController#createUser(UserRegistrationRequest)
2025-06-24T23:31:15.691-05:00 DEBUG 212880 --- [SkillLink] [nio-8080-exec-1] o.s.web.method.HandlerMethod             : Could not resolve parameter [0] in public org.springframework.http.ResponseEntity<com.bad.batch.dto.security.TokenResponse> com.bad.batch.controller.security.AuthApiController.createUser(com.bad.batch.dto.security.UserRegistrationRequest): JSON parse error: Cannot deserialize value of type `com.bad.batch.model.enums.UserRole` from String "STUDENT": not one of the values accepted for Enum class: [MENTOR, DEVELOPER, ADMIN]
2025-06-24T23:31:15.692-05:00  WARN 212880 --- [SkillLink] [nio-8080-exec-1] .w.s.m.s.DefaultHandlerExceptionResolver : Resolved [org.springframework.http.converter.HttpMessageNotReadableException: JSON parse error: Cannot deserialize value of type `com.bad.batch.model.enums.UserRole` from String "STUDENT": not one of the values accepted for Enum class: [MENTOR, DEVELOPER, ADMIN]]
2025-06-24T23:31:15.692-05:00 DEBUG 212880 --- [SkillLink] [nio-8080-exec-1] o.s.web.servlet.DispatcherServlet        : Completed 400 BAD_REQUEST
2025-06-24T23:31:15.696-05:00 DEBUG 212880 --- [SkillLink] [nio-8080-exec-1] o.s.security.web.FilterChainProxy        : Securing POST /error
2025-06-24T23:31:15.697-05:00 DEBUG 212880 --- [SkillLink] [nio-8080-exec-1] o.s.security.web.FilterChainProxy        : Secured POST /error
2025-06-24T23:31:15.697-05:00 DEBUG 212880 --- [SkillLink] [nio-8080-exec-1] o.s.web.servlet.DispatcherServlet        : "ERROR" dispatch for POST "/error", parameters={}
2025-06-24T23:31:15.697-05:00 DEBUG 212880 --- [SkillLink] [nio-8080-exec-1] s.w.s.m.m.a.RequestMappingHandlerMapping : Mapped to org.springframework.boot.autoconfigure.web.servlet.error.BasicErrorController#error(HttpServletRequest)
2025-06-24T23:31:15.705-05:00 DEBUG 212880 --- [SkillLink] [nio-8080-exec-1] o.s.w.s.m.m.a.HttpEntityMethodProcessor  : Using 'application/json', given [*/*] and supported [application/json, application/*+json]
2025-06-24T23:31:15.706-05:00 DEBUG 212880 --- [SkillLink] [nio-8080-exec-1] o.s.w.s.m.m.a.HttpEntityMethodProcessor  : Writing [{timestamp=Tue Jun 24 23:31:15 COT 2025, status=400, error=Bad Request, trace=org.springframework.ht (truncated)...]
2025-06-24T23:31:15.717-05:00 DEBUG 212880 --- [SkillLink] [nio-8080-exec-1] o.s.web.servlet.DispatcherServlet        : Exiting from "ERROR" dispatch, status 400
2025-06-24T23:31:15.717-05:00 DEBUG 212880 --- [SkillLink] [nio-8080-exec-1] o.s.s.w.a.AnonymousAuthenticationFilter  : Set SecurityContextHolder to anonymous SecurityContext
2025-06-24T23:31:43.269-05:00  INFO 212880 --- [SkillLink] [MessageBroker-1] o.s.w.s.c.WebSocketMessageBrokerStats    : WebSocketSession[0 current WS(0)-HttpStream(0)-HttpPoll(0), 0 total, 0 closed abnormally (0 connect failure, 0 send limit, 0 transport error)], stompSubProtocol[processed CONNECT(0)-CONNECTED(0)-DISCONNECT(0)], stompBrokerRelay[null], inboundChannel[pool size = 0, active threads = 0, queued tasks = 0, completed tasks = 0], outboundChannel[pool size = 0, active threads = 0, queued tasks = 0, completed tasks = 0], sockJsScheduler[pool size = 1, active threads = 1, queued tasks = 0, completed tasks = 0]
2025-06-24T23:32:02.466-05:00 DEBUG 212880 --- [SkillLink] [nio-8080-exec-2] o.s.security.web.FilterChainProxy        : Securing POST /api/auth/register
2025-06-24T23:32:02.466-05:00 DEBUG 212880 --- [SkillLink] [nio-8080-exec-2] o.s.s.w.a.AnonymousAuthenticationFilter  : Set SecurityContextHolder to anonymous SecurityContext
2025-06-24T23:32:02.467-05:00 DEBUG 212880 --- [SkillLink] [nio-8080-exec-2] o.s.security.web.FilterChainProxy        : Secured POST /api/auth/register
2025-06-24T23:32:02.467-05:00 DEBUG 212880 --- [SkillLink] [nio-8080-exec-2] o.s.web.servlet.DispatcherServlet        : POST "/api/auth/register", parameters={}
2025-06-24T23:32:02.467-05:00 DEBUG 212880 --- [SkillLink] [nio-8080-exec-2] s.w.s.m.m.a.RequestMappingHandlerMapping : Mapped to com.bad.batch.controller.security.AuthApiController#createUser(UserRegistrationRequest)
2025-06-24T23:32:02.468-05:00 DEBUG 212880 --- [SkillLink] [nio-8080-exec-2] m.m.a.RequestResponseBodyMethodProcessor : Read "application/json;charset=UTF-8" to [UserRegistrationRequest(firstName=Juan, lastName=Pérez, email=juan.perez@example.com, password=Secur (truncated)...]
2025-06-24T23:32:02.490-05:00  INFO 212880 --- [SkillLink] [nio-8080-exec-2] c.b.batch.service.impl.AuthServiceImpl   : Intentando crear usuario por Email: juan.perez@example.com
Hibernate: 
    select
        u1_0.id,
        u1_0.created_at,
        u1_0.email,
        u1_0.first_name,
        u1_0.is_active,
        u1_0.last_name,
        u1_0.password,
        u1_0.role,
        u1_0.updated_at 
    from
        users u1_0 
    where
        u1_0.email=?
Hibernate: 
    select
        p1_0.id,
        p1_0.bio,
        p1_0.created_at,
        p1_0.experience_level,
        p1_0.github_url,
        p1_0.linkedin_url,
        p1_0.location,
        p1_0.objectives,
        p1_0.personal_website,
        p1_0.updated_at,
        p1_0.user_id,
        u1_0.id,
        u1_0.created_at,
        u1_0.email,
        u1_0.first_name,
        u1_0.is_active,
        u1_0.last_name,
        u1_0.password,
        u1_0.role,
        u1_0.updated_at,
        p1_0.visibility 
    from
        profiles p1_0 
    join
        users u1_0 
            on u1_0.id=p1_0.user_id 
    where
        p1_0.user_id=?
2025-06-24T23:32:02.880-05:00  WARN 212880 --- [SkillLink] [nio-8080-exec-2] c.b.batch.service.impl.AuthServiceImpl   : Intento crear usuario con email existente: juan.perez@example.com
2025-06-24T23:32:02.880-05:00 DEBUG 212880 --- [SkillLink] [nio-8080-exec-2] .m.m.a.ExceptionHandlerExceptionResolver : Using @ExceptionHandler com.bad.batch.exceptions.GlobalExceptionHandler#handleIllegalArgument(IllegalArgumentException)
2025-06-24T23:32:02.887-05:00 DEBUG 212880 --- [SkillLink] [nio-8080-exec-2] o.s.w.s.m.m.a.HttpEntityMethodProcessor  : Using 'application/json', given [*/*] and supported [application/json, application/*+json]
2025-06-24T23:32:02.887-05:00 DEBUG 212880 --- [SkillLink] [nio-8080-exec-2] o.s.w.s.m.m.a.HttpEntityMethodProcessor  : Writing [ErrorResponse(error=USER_ALREADY_EXISTS, message=El email ya esta registrado., timestamp=2025-06-24T (truncated)...]
2025-06-24T23:32:02.888-05:00  WARN 212880 --- [SkillLink] [nio-8080-exec-2] .m.m.a.ExceptionHandlerExceptionResolver : Resolved [java.lang.IllegalArgumentException: El email ya esta registrado.]
2025-06-24T23:32:02.889-05:00 DEBUG 212880 --- [SkillLink] [nio-8080-exec-2] o.s.web.servlet.DispatcherServlet        : Completed 409 CONFLICT
2025-06-24T23:32:50.273-05:00 DEBUG 212880 --- [SkillLink] [nio-8080-exec-4] o.s.security.web.FilterChainProxy        : Securing POST /api/auth/login
2025-06-24T23:32:50.273-05:00 DEBUG 212880 --- [SkillLink] [nio-8080-exec-4] o.s.s.w.a.AnonymousAuthenticationFilter  : Set SecurityContextHolder to anonymous SecurityContext
2025-06-24T23:32:50.274-05:00 DEBUG 212880 --- [SkillLink] [nio-8080-exec-4] o.s.security.web.FilterChainProxy        : Secured POST /api/auth/login
2025-06-24T23:32:50.274-05:00 DEBUG 212880 --- [SkillLink] [nio-8080-exec-4] o.s.web.servlet.DispatcherServlet        : POST "/api/auth/login", parameters={}
2025-06-24T23:32:50.274-05:00 DEBUG 212880 --- [SkillLink] [nio-8080-exec-4] s.w.s.m.m.a.RequestMappingHandlerMapping : Mapped to com.bad.batch.controller.security.AuthApiController#login(LoginRequest)
2025-06-24T23:32:50.279-05:00 DEBUG 212880 --- [SkillLink] [nio-8080-exec-4] m.m.a.RequestResponseBodyMethodProcessor : Read "application/json;charset=UTF-8" to [com.bad.batch.dto.security.LoginRequest@591b5d8c]
2025-06-24T23:32:50.281-05:00  INFO 212880 --- [SkillLink] [nio-8080-exec-4] c.b.batch.service.impl.AuthServiceImpl   : Intentando login para usuario: juan.perez@example.com
Hibernate: 
    select
        u1_0.id,
        u1_0.created_at,
        u1_0.email,
        u1_0.first_name,
        u1_0.is_active,
        u1_0.last_name,
        u1_0.password,
        u1_0.role,
        u1_0.updated_at 
    from
        users u1_0 
    where
        u1_0.email=?
Hibernate: 
    select
        p1_0.id,
        p1_0.bio,
        p1_0.created_at,
        p1_0.experience_level,
        p1_0.github_url,
        p1_0.linkedin_url,
        p1_0.location,
        p1_0.objectives,
        p1_0.personal_website,
        p1_0.updated_at,
        p1_0.user_id,
        u1_0.id,
        u1_0.created_at,
        u1_0.email,
        u1_0.first_name,
        u1_0.is_active,
        u1_0.last_name,
        u1_0.password,
        u1_0.role,
        u1_0.updated_at,
        p1_0.visibility 
    from
        profiles p1_0 
    join
        users u1_0 
            on u1_0.id=p1_0.user_id 
    where
        p1_0.user_id=?
2025-06-24T23:32:50.671-05:00  INFO 212880 --- [SkillLink] [nio-8080-exec-4] c.b.batch.service.impl.AuthServiceImpl   : Login exitoso para usuario: juan.perez@example.com
2025-06-24T23:32:50.704-05:00 DEBUG 212880 --- [SkillLink] [nio-8080-exec-4] o.s.w.s.m.m.a.HttpEntityMethodProcessor  : Using 'application/json', given [*/*] and supported [application/json, application/*+json]
2025-06-24T23:32:50.705-05:00 DEBUG 212880 --- [SkillLink] [nio-8080-exec-4] o.s.w.s.m.m.a.HttpEntityMethodProcessor  : Writing [com.bad.batch.dto.security.TokenResponse@79d0a31a]
2025-06-24T23:32:50.706-05:00 DEBUG 212880 --- [SkillLink] [nio-8080-exec-4] o.s.web.servlet.DispatcherServlet        : Completed 200 OK
2025-06-24T23:33:03.462-05:00 DEBUG 212880 --- [SkillLink] [nio-8080-exec-6] o.s.security.web.FilterChainProxy        : Securing POST /api/auth/register
2025-06-24T23:33:03.462-05:00 DEBUG 212880 --- [SkillLink] [nio-8080-exec-6] o.s.s.w.a.AnonymousAuthenticationFilter  : Set SecurityContextHolder to anonymous SecurityContext
2025-06-24T23:33:03.462-05:00 DEBUG 212880 --- [SkillLink] [nio-8080-exec-6] o.s.security.web.FilterChainProxy        : Secured POST /api/auth/register
2025-06-24T23:33:03.462-05:00 DEBUG 212880 --- [SkillLink] [nio-8080-exec-6] o.s.web.servlet.DispatcherServlet        : POST "/api/auth/register", parameters={}
2025-06-24T23:33:03.463-05:00 DEBUG 212880 --- [SkillLink] [nio-8080-exec-6] s.w.s.m.m.a.RequestMappingHandlerMapping : Mapped to com.bad.batch.controller.security.AuthApiController#createUser(UserRegistrationRequest)
2025-06-24T23:33:03.463-05:00 DEBUG 212880 --- [SkillLink] [nio-8080-exec-6] m.m.a.RequestResponseBodyMethodProcessor : Read "application/json;charset=UTF-8" to [UserRegistrationRequest(firstName=María, lastName=González, email=maria.gonzalez@example.com, passwo (truncated)...]
2025-06-24T23:33:03.464-05:00  INFO 212880 --- [SkillLink] [nio-8080-exec-6] c.b.batch.service.impl.AuthServiceImpl   : Intentando crear usuario por Email: maria.gonzalez@example.com
Hibernate: 
    select
        u1_0.id,
        u1_0.created_at,
        u1_0.email,
        u1_0.first_name,
        u1_0.is_active,
        u1_0.last_name,
        u1_0.password,
        u1_0.role,
        u1_0.updated_at 
    from
        users u1_0 
    where
        u1_0.email=?
Hibernate: 
    insert 
    into
        users
        (created_at, email, first_name, is_active, last_name, password, role, updated_at) 
    values
        (?, ?, ?, ?, ?, ?, ?, ?) 
    returning id
2025-06-24T23:33:03.955-05:00  INFO 212880 --- [SkillLink] [nio-8080-exec-6] c.b.batch.service.impl.AuthServiceImpl   : Usuario creado exitosamente con ID: 3
2025-06-24T23:33:03.956-05:00 DEBUG 212880 --- [SkillLink] [nio-8080-exec-6] o.s.w.s.m.m.a.HttpEntityMethodProcessor  : Using 'application/json', given [*/*] and supported [application/json, application/*+json]
2025-06-24T23:33:03.956-05:00 DEBUG 212880 --- [SkillLink] [nio-8080-exec-6] o.s.w.s.m.m.a.HttpEntityMethodProcessor  : Writing [com.bad.batch.dto.security.TokenResponse@11a507e4]
2025-06-24T23:33:03.957-05:00 DEBUG 212880 --- [SkillLink] [nio-8080-exec-6] o.s.web.servlet.DispatcherServlet        : Completed 201 CREATED
2025-06-24T23:33:20.583-05:00 DEBUG 212880 --- [SkillLink] [nio-8080-exec-8] o.s.security.web.FilterChainProxy        : Securing POST /api/auth/login
2025-06-24T23:33:20.584-05:00 DEBUG 212880 --- [SkillLink] [nio-8080-exec-8] o.s.s.w.a.AnonymousAuthenticationFilter  : Set SecurityContextHolder to anonymous SecurityContext
2025-06-24T23:33:20.584-05:00 DEBUG 212880 --- [SkillLink] [nio-8080-exec-8] o.s.security.web.FilterChainProxy        : Secured POST /api/auth/login
2025-06-24T23:33:20.584-05:00 DEBUG 212880 --- [SkillLink] [nio-8080-exec-8] o.s.web.servlet.DispatcherServlet        : POST "/api/auth/login", parameters={}
2025-06-24T23:33:20.584-05:00 DEBUG 212880 --- [SkillLink] [nio-8080-exec-8] s.w.s.m.m.a.RequestMappingHandlerMapping : Mapped to com.bad.batch.controller.security.AuthApiController#login(LoginRequest)
2025-06-24T23:33:20.585-05:00 DEBUG 212880 --- [SkillLink] [nio-8080-exec-8] m.m.a.RequestResponseBodyMethodProcessor : Read "application/json;charset=UTF-8" to [com.bad.batch.dto.security.LoginRequest@64684661]
2025-06-24T23:33:20.585-05:00  INFO 212880 --- [SkillLink] [nio-8080-exec-8] c.b.batch.service.impl.AuthServiceImpl   : Intentando login para usuario: juan.perez@example.com
Hibernate: 
    select
        u1_0.id,
        u1_0.created_at,
        u1_0.email,
        u1_0.first_name,
        u1_0.is_active,
        u1_0.last_name,
        u1_0.password,
        u1_0.role,
        u1_0.updated_at 
    from
        users u1_0 
    where
        u1_0.email=?
Hibernate: 
    select
        p1_0.id,
        p1_0.bio,
        p1_0.created_at,
        p1_0.experience_level,
        p1_0.github_url,
        p1_0.linkedin_url,
        p1_0.location,
        p1_0.objectives,
        p1_0.personal_website,
        p1_0.updated_at,
        p1_0.user_id,
        u1_0.id,
        u1_0.created_at,
        u1_0.email,
        u1_0.first_name,
        u1_0.is_active,
        u1_0.last_name,
        u1_0.password,
        u1_0.role,
        u1_0.updated_at,
        p1_0.visibility 
    from
        profiles p1_0 
    join
        users u1_0 
            on u1_0.id=p1_0.user_id 
    where
        p1_0.user_id=?
2025-06-24T23:33:20.970-05:00  INFO 212880 --- [SkillLink] [nio-8080-exec-8] c.b.batch.service.impl.AuthServiceImpl   : Login exitoso para usuario: juan.perez@example.com
2025-06-24T23:33:20.971-05:00 DEBUG 212880 --- [SkillLink] [nio-8080-exec-8] o.s.w.s.m.m.a.HttpEntityMethodProcessor  : Using 'application/json', given [*/*] and supported [application/json, application/*+json]
2025-06-24T23:33:20.971-05:00 DEBUG 212880 --- [SkillLink] [nio-8080-exec-8] o.s.w.s.m.m.a.HttpEntityMethodProcessor  : Writing [com.bad.batch.dto.security.TokenResponse@5d44a477]
2025-06-24T23:33:20.972-05:00 DEBUG 212880 --- [SkillLink] [nio-8080-exec-8] o.s.web.servlet.DispatcherServlet        : Completed 200 OK
2025-06-24T23:34:26.448-05:00 DEBUG 212880 --- [SkillLink] [io-8080-exec-10] o.s.security.web.FilterChainProxy        : Securing GET /api/users
Hibernate: 
    select
        u1_0.id,
        u1_0.created_at,
        u1_0.email,
        u1_0.first_name,
        u1_0.is_active,
        u1_0.last_name,
        u1_0.password,
        p1_0.id,
        p1_0.bio,
        p1_0.created_at,
        p1_0.experience_level,
        p1_0.github_url,
        p1_0.linkedin_url,
        p1_0.location,
        p1_0.objectives,
        p1_0.personal_website,
        p1_0.updated_at,
        p1_0.user_id,
        p1_0.visibility,
        u1_0.role,
        u1_0.updated_at 
    from
        users u1_0 
    left join
        profiles p1_0 
            on u1_0.id=p1_0.user_id 
    where
        u1_0.id=?
2025-06-24T23:34:26.717-05:00  INFO 212880 --- [SkillLink] [io-8080-exec-10] c.b.b.c.s.JwtAuthenticationFilter        : User juan.perez@example.com successfully authenticated with role DEVELOPER.
2025-06-24T23:34:26.717-05:00 DEBUG 212880 --- [SkillLink] [io-8080-exec-10] o.s.security.web.FilterChainProxy        : Secured GET /api/users
2025-06-24T23:34:26.717-05:00 DEBUG 212880 --- [SkillLink] [io-8080-exec-10] o.s.web.servlet.DispatcherServlet        : GET "/api/users", parameters={}
2025-06-24T23:34:26.718-05:00 DEBUG 212880 --- [SkillLink] [io-8080-exec-10] s.w.s.m.m.a.RequestMappingHandlerMapping : Mapped to com.bad.batch.controller.UserController#getAllUsers()
Hibernate: 
    select
        u1_0.id,
        u1_0.created_at,
        u1_0.email,
        u1_0.first_name,
        u1_0.is_active,
        u1_0.last_name,
        u1_0.password,
        u1_0.role,
        u1_0.updated_at 
    from
        users u1_0
Hibernate: 
    select
        p1_0.id,
        p1_0.bio,
        p1_0.created_at,
        p1_0.experience_level,
        p1_0.github_url,
        p1_0.linkedin_url,
        p1_0.location,
        p1_0.objectives,
        p1_0.personal_website,
        p1_0.updated_at,
        p1_0.user_id,
        u1_0.id,
        u1_0.created_at,
        u1_0.email,
        u1_0.first_name,
        u1_0.is_active,
        u1_0.last_name,
        u1_0.password,
        u1_0.role,
        u1_0.updated_at,
        p1_0.visibility 
    from
        profiles p1_0 
    join
        users u1_0 
            on u1_0.id=p1_0.user_id 
    where
        p1_0.user_id=?
Hibernate: 
    select
        p1_0.id,
        p1_0.bio,
        p1_0.created_at,
        p1_0.experience_level,
        p1_0.github_url,
        p1_0.linkedin_url,
        p1_0.location,
        p1_0.objectives,
        p1_0.personal_website,
        p1_0.updated_at,
        p1_0.user_id,
        u1_0.id,
        u1_0.created_at,
        u1_0.email,
        u1_0.first_name,
        u1_0.is_active,
        u1_0.last_name,
        u1_0.password,
        u1_0.role,
        u1_0.updated_at,
        p1_0.visibility 
    from
        profiles p1_0 
    join
        users u1_0 
            on u1_0.id=p1_0.user_id 
    where
        p1_0.user_id=?
2025-06-24T23:34:27.046-05:00 DEBUG 212880 --- [SkillLink] [io-8080-exec-10] o.s.w.s.m.m.a.HttpEntityMethodProcessor  : Using 'application/json', given [*/*] and supported [application/json, application/*+json]
2025-06-24T23:34:27.047-05:00 DEBUG 212880 --- [SkillLink] [io-8080-exec-10] o.s.w.s.m.m.a.HttpEntityMethodProcessor  : Writing [[UserDTO(id=null, email=juan.perez@example.com, firstName=Juan, lastName=Pérez, role=DEVELOPER, isAc (truncated)...]
2025-06-24T23:34:27.050-05:00 DEBUG 212880 --- [SkillLink] [io-8080-exec-10] o.s.web.servlet.DispatcherServlet        : Completed 200 OK
2025-06-24T23:35:12.800-05:00 DEBUG 212880 --- [SkillLink] [nio-8080-exec-2] o.s.security.web.FilterChainProxy        : Securing POST /api/profiles
Hibernate: 
    select
        u1_0.id,
        u1_0.created_at,
        u1_0.email,
        u1_0.first_name,
        u1_0.is_active,
        u1_0.last_name,
        u1_0.password,
        p1_0.id,
        p1_0.bio,
        p1_0.created_at,
        p1_0.experience_level,
        p1_0.github_url,
        p1_0.linkedin_url,
        p1_0.location,
        p1_0.objectives,
        p1_0.personal_website,
        p1_0.updated_at,
        p1_0.user_id,
        p1_0.visibility,
        u1_0.role,
        u1_0.updated_at 
    from
        users u1_0 
    left join
        profiles p1_0 
            on u1_0.id=p1_0.user_id 
    where
        u1_0.id=?
2025-06-24T23:35:13.045-05:00  INFO 212880 --- [SkillLink] [nio-8080-exec-2] c.b.b.c.s.JwtAuthenticationFilter        : User juan.perez@example.com successfully authenticated with role DEVELOPER.
2025-06-24T23:35:13.045-05:00 DEBUG 212880 --- [SkillLink] [nio-8080-exec-2] o.s.security.web.FilterChainProxy        : Secured POST /api/profiles
2025-06-24T23:35:13.045-05:00 DEBUG 212880 --- [SkillLink] [nio-8080-exec-2] o.s.web.servlet.DispatcherServlet        : POST "/api/profiles", parameters={}
2025-06-24T23:35:13.045-05:00 DEBUG 212880 --- [SkillLink] [nio-8080-exec-2] s.w.s.m.m.a.RequestMappingHandlerMapping : Mapped to com.bad.batch.controller.ProfileController#createProfile(CreateProfileRequest, Long)
2025-06-24T23:35:13.050-05:00 DEBUG 212880 --- [SkillLink] [nio-8080-exec-2] m.m.a.RequestResponseBodyMethodProcessor : Read "application/json;charset=UTF-8" to [CreateProfileRequest(bio=Desarrollador Full Stack con experiencia en Spring Boot y React, location=M (truncated)...]
Hibernate: 
    select
        p1_0.id 
    from
        profiles p1_0 
    where
        p1_0.user_id=? 
    fetch
        first ? rows only
Hibernate: 
    select
        u1_0.id,
        u1_0.created_at,
        u1_0.email,
        u1_0.first_name,
        u1_0.is_active,
        u1_0.last_name,
        u1_0.password,
        p1_0.id,
        p1_0.bio,
        p1_0.created_at,
        p1_0.experience_level,
        p1_0.github_url,
        p1_0.linkedin_url,
        p1_0.location,
        p1_0.objectives,
        p1_0.personal_website,
        p1_0.updated_at,
        p1_0.user_id,
        p1_0.visibility,
        u1_0.role,
        u1_0.updated_at 
    from
        users u1_0 
    left join
        profiles p1_0 
            on u1_0.id=p1_0.user_id 
    where
        u1_0.id=?
Hibernate: 
    select
        p1_0.id 
    from
        profiles p1_0 
    where
        p1_0.user_id=? 
    fetch
        first ? rows only
2025-06-24T23:35:13.385-05:00 DEBUG 212880 --- [SkillLink] [nio-8080-exec-2] .m.m.a.ExceptionHandlerExceptionResolver : Using @ExceptionHandler com.bad.batch.exceptions.GlobalExceptionHandler#handleInvalidData(RuntimeException)
2025-06-24T23:35:13.386-05:00 DEBUG 212880 --- [SkillLink] [nio-8080-exec-2] o.s.w.s.m.m.a.HttpEntityMethodProcessor  : Using 'application/json', given [*/*] and supported [application/json, application/*+json]
2025-06-24T23:35:13.386-05:00 DEBUG 212880 --- [SkillLink] [nio-8080-exec-2] o.s.w.s.m.m.a.HttpEntityMethodProcessor  : Writing [ErrorResponse(error=INVALID_DATA, message=Tecnologías no válidas: [Spring Boot]. Tecnologías válidas (truncated)...]
2025-06-24T23:35:13.386-05:00  WARN 212880 --- [SkillLink] [nio-8080-exec-2] .m.m.a.ExceptionHandlerExceptionResolver : Resolved [com.bad.batch.exceptions.profileExceptionsHandling.InvalidTechnologyException: Tecnologías no válidas: [Spring Boot]. Tecnologías válidas: ANGULAR, FLASK, JAVASCRIPT, KUBERNETES, MYSQL, GCP, VUE, AZURE, NODEJS, PYTHON, SPRING_BOOT, DJANGO, REDIS, DOCKER, MONGODB, POSTGRESQL, TYPESCRIPT, AWS, REACT, JAVA]
2025-06-24T23:35:13.386-05:00 DEBUG 212880 --- [SkillLink] [nio-8080-exec-2] o.s.web.servlet.DispatcherServlet        : Completed 400 BAD_REQUEST
2025-06-24T23:35:58.940-05:00 DEBUG 212880 --- [SkillLink] [nio-8080-exec-3] o.s.security.web.FilterChainProxy        : Securing POST /api/profiles
Hibernate: 
    select
        u1_0.id,
        u1_0.created_at,
        u1_0.email,
        u1_0.first_name,
        u1_0.is_active,
        u1_0.last_name,
        u1_0.password,
        p1_0.id,
        p1_0.bio,
        p1_0.created_at,
        p1_0.experience_level,
        p1_0.github_url,
        p1_0.linkedin_url,
        p1_0.location,
        p1_0.objectives,
        p1_0.personal_website,
        p1_0.updated_at,
        p1_0.user_id,
        p1_0.visibility,
        u1_0.role,
        u1_0.updated_at 
    from
        users u1_0 
    left join
        profiles p1_0 
            on u1_0.id=p1_0.user_id 
    where
        u1_0.id=?
2025-06-24T23:35:59.185-05:00  INFO 212880 --- [SkillLink] [nio-8080-exec-3] c.b.b.c.s.JwtAuthenticationFilter        : User juan.perez@example.com successfully authenticated with role DEVELOPER.
2025-06-24T23:35:59.185-05:00 DEBUG 212880 --- [SkillLink] [nio-8080-exec-3] o.s.security.web.FilterChainProxy        : Secured POST /api/profiles
2025-06-24T23:35:59.185-05:00 DEBUG 212880 --- [SkillLink] [nio-8080-exec-3] o.s.web.servlet.DispatcherServlet        : POST "/api/profiles", parameters={}
2025-06-24T23:35:59.185-05:00 DEBUG 212880 --- [SkillLink] [nio-8080-exec-3] s.w.s.m.m.a.RequestMappingHandlerMapping : Mapped to com.bad.batch.controller.ProfileController#createProfile(CreateProfileRequest, Long)
2025-06-24T23:35:59.186-05:00 DEBUG 212880 --- [SkillLink] [nio-8080-exec-3] m.m.a.RequestResponseBodyMethodProcessor : Read "application/json;charset=UTF-8" to [CreateProfileRequest(bio=Desarrollador Full Stack con experiencia en Spring Boot y React, location=M (truncated)...]
Hibernate: 
    select
        p1_0.id 
    from
        profiles p1_0 
    where
        p1_0.user_id=? 
    fetch
        first ? rows only
Hibernate: 
    select
        u1_0.id,
        u1_0.created_at,
        u1_0.email,
        u1_0.first_name,
        u1_0.is_active,
        u1_0.last_name,
        u1_0.password,
        p1_0.id,
        p1_0.bio,
        p1_0.created_at,
        p1_0.experience_level,
        p1_0.github_url,
        p1_0.linkedin_url,
        p1_0.location,
        p1_0.objectives,
        p1_0.personal_website,
        p1_0.updated_at,
        p1_0.user_id,
        p1_0.visibility,
        u1_0.role,
        u1_0.updated_at 
    from
        users u1_0 
    left join
        profiles p1_0 
            on u1_0.id=p1_0.user_id 
    where
        u1_0.id=?
Hibernate: 
    select
        p1_0.id 
    from
        profiles p1_0 
    where
        p1_0.user_id=? 
    fetch
        first ? rows only
Hibernate: 
    insert 
    into
        profiles
        (bio, created_at, experience_level, github_url, linkedin_url, location, objectives, personal_website, updated_at, user_id, visibility) 
    values
        (?, ?, ?, ?, ?, ?, ?, ?, ?, ?, ?) 
    returning id
Hibernate: 
    insert 
    into
        profile_interests
        (profile_id, interests) 
    values
        (?, ?)
Hibernate: 
    insert 
    into
        profile_interests
        (profile_id, interests) 
    values
        (?, ?)
Hibernate: 
    insert 
    into
        profile_interests
        (profile_id, interests) 
    values
        (?, ?)
Hibernate: 
    insert 
    into
        profile_technologies
        (profile_id, technologies) 
    values
        (?, ?)
Hibernate: 
    insert 
    into
        profile_technologies
        (profile_id, technologies) 
    values
        (?, ?)
Hibernate: 
    insert 
    into
        profile_technologies
        (profile_id, technologies) 
    values
        (?, ?)
Hibernate: 
    insert 
    into
        profile_technologies
        (profile_id, technologies) 
    values
        (?, ?)
2025-06-24T23:36:00.170-05:00 DEBUG 212880 --- [SkillLink] [nio-8080-exec-3] o.s.w.s.m.m.a.HttpEntityMethodProcessor  : Using 'application/json', given [*/*] and supported [application/json, application/*+json]
2025-06-24T23:36:00.173-05:00 DEBUG 212880 --- [SkillLink] [nio-8080-exec-3] o.s.w.s.m.m.a.HttpEntityMethodProcessor  : Writing [ProfileResponse(id=1, userId=2, firstName=null, lastName=null, bio=Desarrollador Full Stack con expe (truncated)...]
2025-06-24T23:36:00.178-05:00 DEBUG 212880 --- [SkillLink] [nio-8080-exec-3] o.s.web.servlet.DispatcherServlet        : Completed 201 CREATED
2025-06-24T23:37:37.108-05:00 DEBUG 212880 --- [SkillLink] [nio-8080-exec-5] o.s.security.web.FilterChainProxy        : Securing GET /api/profiles
Hibernate: 
    select
        u1_0.id,
        u1_0.created_at,
        u1_0.email,
        u1_0.first_name,
        u1_0.is_active,
        u1_0.last_name,
        u1_0.password,
        p1_0.id,
        p1_0.bio,
        p1_0.created_at,
        p1_0.experience_level,
        p1_0.github_url,
        p1_0.linkedin_url,
        p1_0.location,
        p1_0.objectives,
        p1_0.personal_website,
        p1_0.updated_at,
        p1_0.user_id,
        p1_0.visibility,
        u1_0.role,
        u1_0.updated_at 
    from
        users u1_0 
    left join
        profiles p1_0 
            on u1_0.id=p1_0.user_id 
    where
        u1_0.id=?
2025-06-24T23:37:37.353-05:00  INFO 212880 --- [SkillLink] [nio-8080-exec-5] c.b.b.c.s.JwtAuthenticationFilter        : User juan.perez@example.com successfully authenticated with role DEVELOPER.
2025-06-24T23:37:37.354-05:00 DEBUG 212880 --- [SkillLink] [nio-8080-exec-5] o.s.security.web.FilterChainProxy        : Secured GET /api/profiles
2025-06-24T23:37:37.354-05:00 DEBUG 212880 --- [SkillLink] [nio-8080-exec-5] o.s.web.servlet.DispatcherServlet        : GET "/api/profiles", parameters={}
2025-06-24T23:37:37.355-05:00  WARN 212880 --- [SkillLink] [nio-8080-exec-5] .w.s.m.s.DefaultHandlerExceptionResolver : Resolved [org.springframework.web.HttpRequestMethodNotSupportedException: Request method 'GET' is not supported]
2025-06-24T23:37:37.355-05:00 DEBUG 212880 --- [SkillLink] [nio-8080-exec-5] o.s.web.servlet.DispatcherServlet        : Completed 405 METHOD_NOT_ALLOWED
2025-06-24T23:37:37.356-05:00 DEBUG 212880 --- [SkillLink] [nio-8080-exec-5] o.s.security.web.FilterChainProxy        : Securing GET /error
2025-06-24T23:37:37.356-05:00 DEBUG 212880 --- [SkillLink] [nio-8080-exec-5] o.s.security.web.FilterChainProxy        : Secured GET /error
2025-06-24T23:37:37.356-05:00 DEBUG 212880 --- [SkillLink] [nio-8080-exec-5] o.s.web.servlet.DispatcherServlet        : "ERROR" dispatch for GET "/error", parameters={}
2025-06-24T23:37:37.356-05:00 DEBUG 212880 --- [SkillLink] [nio-8080-exec-5] s.w.s.m.m.a.RequestMappingHandlerMapping : Mapped to org.springframework.boot.autoconfigure.web.servlet.error.BasicErrorController#error(HttpServletRequest)
2025-06-24T23:37:37.357-05:00 DEBUG 212880 --- [SkillLink] [nio-8080-exec-5] o.s.w.s.m.m.a.HttpEntityMethodProcessor  : Using 'application/json', given [*/*] and supported [application/json, application/*+json]
2025-06-24T23:37:37.357-05:00 DEBUG 212880 --- [SkillLink] [nio-8080-exec-5] o.s.w.s.m.m.a.HttpEntityMethodProcessor  : Writing [{timestamp=Tue Jun 24 23:37:37 COT 2025, status=405, error=Method Not Allowed, trace=org.springframe (truncated)...]
2025-06-24T23:37:37.358-05:00 DEBUG 212880 --- [SkillLink] [nio-8080-exec-5] o.s.web.servlet.DispatcherServlet        : Exiting from "ERROR" dispatch, status 405
2025-06-24T23:37:37.358-05:00 DEBUG 212880 --- [SkillLink] [nio-8080-exec-5] o.s.s.w.a.AnonymousAuthenticationFilter  : Set SecurityContextHolder to anonymous SecurityContext
2025-06-24T23:38:29.487-05:00 DEBUG 212880 --- [SkillLink] [nio-8080-exec-7] o.s.security.web.FilterChainProxy        : Securing GET /api/profiles/me
Hibernate: 
    select
        u1_0.id,
        u1_0.created_at,
        u1_0.email,
        u1_0.first_name,
        u1_0.is_active,
        u1_0.last_name,
        u1_0.password,
        p1_0.id,
        p1_0.bio,
        p1_0.created_at,
        p1_0.experience_level,
        p1_0.github_url,
        p1_0.linkedin_url,
        p1_0.location,
        p1_0.objectives,
        p1_0.personal_website,
        p1_0.updated_at,
        p1_0.user_id,
        p1_0.visibility,
        u1_0.role,
        u1_0.updated_at 
    from
        users u1_0 
    left join
        profiles p1_0 
            on u1_0.id=p1_0.user_id 
    where
        u1_0.id=?
2025-06-24T23:38:29.732-05:00  INFO 212880 --- [SkillLink] [nio-8080-exec-7] c.b.b.c.s.JwtAuthenticationFilter        : User juan.perez@example.com successfully authenticated with role DEVELOPER.
2025-06-24T23:38:29.732-05:00 DEBUG 212880 --- [SkillLink] [nio-8080-exec-7] o.s.security.web.FilterChainProxy        : Secured GET /api/profiles/me
2025-06-24T23:38:29.732-05:00 DEBUG 212880 --- [SkillLink] [nio-8080-exec-7] o.s.web.servlet.DispatcherServlet        : GET "/api/profiles/me", parameters={}
2025-06-24T23:38:29.732-05:00 DEBUG 212880 --- [SkillLink] [nio-8080-exec-7] s.w.s.m.m.a.RequestMappingHandlerMapping : Mapped to com.bad.batch.controller.ProfileController#getMyProfile(Long)
Hibernate: 
    select
        p1_0.id,
        p1_0.bio,
        p1_0.created_at,
        p1_0.experience_level,
        p1_0.github_url,
        p1_0.linkedin_url,
        p1_0.location,
        p1_0.objectives,
        p1_0.personal_website,
        p1_0.updated_at,
        p1_0.user_id,
        p1_0.visibility 
    from
        profiles p1_0 
    where
        p1_0.user_id=?
Hibernate: 
    select
        u1_0.id,
        u1_0.created_at,
        u1_0.email,
        u1_0.first_name,
        u1_0.is_active,
        u1_0.last_name,
        u1_0.password,
        p1_0.id,
        p1_0.bio,
        p1_0.created_at,
        p1_0.experience_level,
        p1_0.github_url,
        p1_0.linkedin_url,
        p1_0.location,
        p1_0.objectives,
        p1_0.personal_website,
        p1_0.updated_at,
        p1_0.user_id,
        p1_0.visibility,
        u1_0.role,
        u1_0.updated_at 
    from
        users u1_0 
    left join
        profiles p1_0 
            on u1_0.id=p1_0.user_id 
    where
        u1_0.id=?
2025-06-24T23:38:29.980-05:00 DEBUG 212880 --- [SkillLink] [nio-8080-exec-7] o.s.w.s.m.m.a.HttpEntityMethodProcessor  : Using 'application/json', given [*/*] and supported [application/json, application/*+json]
Hibernate: 
    select
        t1_0.profile_id,
        t1_0.technologies 
    from
        profile_technologies t1_0 
    where
        t1_0.profile_id=?
Hibernate: 
    select
        i1_0.profile_id,
        i1_0.interests 
    from
        profile_interests i1_0 
    where
        i1_0.profile_id=?
2025-06-24T23:38:30.306-05:00 DEBUG 212880 --- [SkillLink] [nio-8080-exec-7] o.s.w.s.m.m.a.HttpEntityMethodProcessor  : Writing [ProfileResponse(id=1, userId=2, firstName=null, lastName=null, bio=Desarrollador Full Stack con expe (truncated)...]
2025-06-24T23:38:30.307-05:00 DEBUG 212880 --- [SkillLink] [nio-8080-exec-7] o.s.web.servlet.DispatcherServlet        : Completed 200 OK
2025-06-24T23:38:58.658-05:00 DEBUG 212880 --- [SkillLink] [nio-8080-exec-9] o.s.security.web.FilterChainProxy        : Securing GET /api/profiles/search
Hibernate: 
    select
        u1_0.id,
        u1_0.created_at,
        u1_0.email,
        u1_0.first_name,
        u1_0.is_active,
        u1_0.last_name,
        u1_0.password,
        p1_0.id,
        p1_0.bio,
        p1_0.created_at,
        p1_0.experience_level,
        p1_0.github_url,
        p1_0.linkedin_url,
        p1_0.location,
        p1_0.objectives,
        p1_0.personal_website,
        p1_0.updated_at,
        p1_0.user_id,
        p1_0.visibility,
        u1_0.role,
        u1_0.updated_at 
    from
        users u1_0 
    left join
        profiles p1_0 
            on u1_0.id=p1_0.user_id 
    where
        u1_0.id=?
2025-06-24T23:38:58.902-05:00  INFO 212880 --- [SkillLink] [nio-8080-exec-9] c.b.b.c.s.JwtAuthenticationFilter        : User juan.perez@example.com successfully authenticated with role DEVELOPER.
2025-06-24T23:38:58.902-05:00 DEBUG 212880 --- [SkillLink] [nio-8080-exec-9] o.s.security.web.FilterChainProxy        : Secured GET /api/profiles/search
2025-06-24T23:38:58.903-05:00 DEBUG 212880 --- [SkillLink] [nio-8080-exec-9] o.s.web.servlet.DispatcherServlet        : GET "/api/profiles/search", parameters={}
2025-06-24T23:38:58.903-05:00 DEBUG 212880 --- [SkillLink] [nio-8080-exec-9] s.w.s.m.m.a.RequestMappingHandlerMapping : Mapped to com.bad.batch.controller.ProfileController#searchProfiles(String, Set, String, String, Set, int, int, String, String)
Hibernate: 
    select
        distinct p1_0.id,
        p1_0.bio,
        p1_0.created_at,
        p1_0.experience_level,
        p1_0.github_url,
        p1_0.linkedin_url,
        p1_0.location,
        p1_0.objectives,
        p1_0.personal_website,
        p1_0.updated_at,
        p1_0.user_id,
        p1_0.visibility 
    from
        profiles p1_0 
    join
        users u1_0 
            on u1_0.id=p1_0.user_id 
    left join
        profile_technologies t1_0 
            on p1_0.id=t1_0.profile_id 
    left join
        profile_interests i1_0 
            on p1_0.id=i1_0.profile_id 
    where
        p1_0.visibility='PUBLIC' 
        and u1_0.is_active=true 
        and (
            ? is null 
            or ?='' 
            or lower(u1_0.first_name) like lower(('%'||?||'%')) escape '' 
            or lower(u1_0.last_name) like lower(('%'||?||'%')) escape '' 
            or lower(p1_0.bio) like lower(('%'||?||'%')) escape ''
        ) 
        and (
            ? is null 
            or p1_0.experience_level=?
        ) 
        and (
            ? is null 
            or ?='' 
            or lower(p1_0.location) like lower(('%'||?||'%')) escape ''
        ) 
        and (
            ?=false 
            or t1_0.technologies in (?)
        ) 
        and (
            ?=false 
            or i1_0.interests in (?)
        ) 
    order by
        p1_0.created_at desc 
    offset
        ? rows 
    fetch
        first ? rows only
Hibernate: 
    select
        u1_0.id,
        u1_0.created_at,
        u1_0.email,
        u1_0.first_name,
        u1_0.is_active,
        u1_0.last_name,
        u1_0.password,
        p1_0.id,
        p1_0.bio,
        p1_0.created_at,
        p1_0.experience_level,
        p1_0.github_url,
        p1_0.linkedin_url,
        p1_0.location,
        p1_0.objectives,
        p1_0.personal_website,
        p1_0.updated_at,
        p1_0.user_id,
        p1_0.visibility,
        u1_0.role,
        u1_0.updated_at 
    from
        users u1_0 
    left join
        profiles p1_0 
            on u1_0.id=p1_0.user_id 
    where
        u1_0.id=?
2025-06-24T23:38:59.172-05:00 DEBUG 212880 --- [SkillLink] [nio-8080-exec-9] o.s.w.s.m.m.a.HttpEntityMethodProcessor  : Using 'application/json', given [*/*] and supported [application/json, application/*+json]
2025-06-24T23:38:59.172-05:00 DEBUG 212880 --- [SkillLink] [nio-8080-exec-9] o.s.w.s.m.m.a.HttpEntityMethodProcessor  : Writing [Page 1 of 1 containing com.bad.batch.dto.response.ProfileSearchResponse instances]
2025-06-24T23:38:59.172-05:00  WARN 212880 --- [SkillLink] [nio-8080-exec-9] PageModule$PlainPageSerializationWarning : Serializing PageImpl instances as-is is not supported, meaning that there is no guarantee about the stability of the resulting JSON structure!
	For a stable JSON structure, please use Spring Data's PagedModel (globally via @EnableSpringDataWebSupport(pageSerializationMode = VIA_DTO))
	or Spring HATEOAS and Spring Data's PagedResourcesAssembler as documented in https://docs.spring.io/spring-data/commons/reference/repositories/core-extensions.html#core.web.pageables.

Hibernate: 
    select
        t1_0.profile_id,
        t1_0.technologies 
    from
        profile_technologies t1_0 
    where
        t1_0.profile_id=?
Hibernate: 
    select
        i1_0.profile_id,
        i1_0.interests 
    from
        profile_interests i1_0 
    where
        i1_0.profile_id=?
2025-06-24T23:38:59.502-05:00 DEBUG 212880 --- [SkillLink] [nio-8080-exec-9] o.s.web.servlet.DispatcherServlet        : Completed 200 OK
2025-06-24T23:39:22.180-05:00 DEBUG 212880 --- [SkillLink] [nio-8080-exec-1] o.s.security.web.FilterChainProxy        : Securing GET /api/profiles/technologies
Hibernate: 
    select
        u1_0.id,
        u1_0.created_at,
        u1_0.email,
        u1_0.first_name,
        u1_0.is_active,
        u1_0.last_name,
        u1_0.password,
        p1_0.id,
        p1_0.bio,
        p1_0.created_at,
        p1_0.experience_level,
        p1_0.github_url,
        p1_0.linkedin_url,
        p1_0.location,
        p1_0.objectives,
        p1_0.personal_website,
        p1_0.updated_at,
        p1_0.user_id,
        p1_0.visibility,
        u1_0.role,
        u1_0.updated_at 
    from
        users u1_0 
    left join
        profiles p1_0 
            on u1_0.id=p1_0.user_id 
    where
        u1_0.id=?
2025-06-24T23:39:22.425-05:00  INFO 212880 --- [SkillLink] [nio-8080-exec-1] c.b.b.c.s.JwtAuthenticationFilter        : User juan.perez@example.com successfully authenticated with role DEVELOPER.
2025-06-24T23:39:22.425-05:00 DEBUG 212880 --- [SkillLink] [nio-8080-exec-1] o.s.security.web.FilterChainProxy        : Secured GET /api/profiles/technologies
2025-06-24T23:39:22.425-05:00 DEBUG 212880 --- [SkillLink] [nio-8080-exec-1] o.s.web.servlet.DispatcherServlet        : GET "/api/profiles/technologies", parameters={}
2025-06-24T23:39:22.426-05:00 DEBUG 212880 --- [SkillLink] [nio-8080-exec-1] s.w.s.m.m.a.RequestMappingHandlerMapping : Mapped to com.bad.batch.controller.ProfileController#getValidTechnologies()
2025-06-24T23:39:22.427-05:00 DEBUG 212880 --- [SkillLink] [nio-8080-exec-1] o.s.w.s.m.m.a.HttpEntityMethodProcessor  : Using 'application/json', given [*/*] and supported [application/json, application/*+json]
2025-06-24T23:39:22.427-05:00 DEBUG 212880 --- [SkillLink] [nio-8080-exec-1] o.s.w.s.m.m.a.HttpEntityMethodProcessor  : Writing [[ANGULAR, FLASK, JAVASCRIPT, KUBERNETES, MYSQL, GCP, VUE, AZURE, NODEJS, PYTHON, SPRING_BOOT, DJANGO (truncated)...]
2025-06-24T23:39:22.427-05:00 DEBUG 212880 --- [SkillLink] [nio-8080-exec-1] o.s.web.servlet.DispatcherServlet        : Completed 200 OK
2025-06-24T23:39:46.422-05:00 DEBUG 212880 --- [SkillLink] [nio-8080-exec-3] o.s.security.web.FilterChainProxy        : Securing GET /api/profiles/interests
Hibernate: 
    select
        u1_0.id,
        u1_0.created_at,
        u1_0.email,
        u1_0.first_name,
        u1_0.is_active,
        u1_0.last_name,
        u1_0.password,
        p1_0.id,
        p1_0.bio,
        p1_0.created_at,
        p1_0.experience_level,
        p1_0.github_url,
        p1_0.linkedin_url,
        p1_0.location,
        p1_0.objectives,
        p1_0.personal_website,
        p1_0.updated_at,
        p1_0.user_id,
        p1_0.visibility,
        u1_0.role,
        u1_0.updated_at 
    from
        users u1_0 
    left join
        profiles p1_0 
            on u1_0.id=p1_0.user_id 
    where
        u1_0.id=?
2025-06-24T23:39:46.667-05:00  INFO 212880 --- [SkillLink] [nio-8080-exec-3] c.b.b.c.s.JwtAuthenticationFilter        : User juan.perez@example.com successfully authenticated with role DEVELOPER.
2025-06-24T23:39:46.668-05:00 DEBUG 212880 --- [SkillLink] [nio-8080-exec-3] o.s.security.web.FilterChainProxy        : Secured GET /api/profiles/interests
2025-06-24T23:39:46.668-05:00 DEBUG 212880 --- [SkillLink] [nio-8080-exec-3] o.s.web.servlet.DispatcherServlet        : GET "/api/profiles/interests", parameters={}
2025-06-24T23:39:46.668-05:00 DEBUG 212880 --- [SkillLink] [nio-8080-exec-3] s.w.s.m.m.a.RequestMappingHandlerMapping : Mapped to com.bad.batch.controller.ProfileController#getValidInterests()
2025-06-24T23:39:46.669-05:00 DEBUG 212880 --- [SkillLink] [nio-8080-exec-3] o.s.w.s.m.m.a.HttpEntityMethodProcessor  : Using 'application/json', given [*/*] and supported [application/json, application/*+json]
2025-06-24T23:39:46.669-05:00 DEBUG 212880 --- [SkillLink] [nio-8080-exec-3] o.s.w.s.m.m.a.HttpEntityMethodProcessor  : Writing [[AI_ML, ARCHITECTURE, DEVOPS, MOBILE, TESTING, CLOUD, FRONTEND, FULLSTACK, CYBERSECURITY, DATA_SCIEN (truncated)...]
2025-06-24T23:39:46.670-05:00 DEBUG 212880 --- [SkillLink] [nio-8080-exec-3] o.s.web.servlet.DispatcherServlet        : Completed 200 OK
2025-06-24T23:40:17.247-05:00 DEBUG 212880 --- [SkillLink] [nio-8080-exec-5] o.s.security.web.FilterChainProxy        : Securing POST /api/contents
Hibernate: 
    select
        u1_0.id,
        u1_0.created_at,
        u1_0.email,
        u1_0.first_name,
        u1_0.is_active,
        u1_0.last_name,
        u1_0.password,
        p1_0.id,
        p1_0.bio,
        p1_0.created_at,
        p1_0.experience_level,
        p1_0.github_url,
        p1_0.linkedin_url,
        p1_0.location,
        p1_0.objectives,
        p1_0.personal_website,
        p1_0.updated_at,
        p1_0.user_id,
        p1_0.visibility,
        u1_0.role,
        u1_0.updated_at 
    from
        users u1_0 
    left join
        profiles p1_0 
            on u1_0.id=p1_0.user_id 
    where
        u1_0.id=?
2025-06-24T23:40:17.492-05:00  INFO 212880 --- [SkillLink] [nio-8080-exec-5] c.b.b.c.s.JwtAuthenticationFilter        : User juan.perez@example.com successfully authenticated with role DEVELOPER.
2025-06-24T23:40:17.492-05:00 DEBUG 212880 --- [SkillLink] [nio-8080-exec-5] o.s.security.web.FilterChainProxy        : Secured POST /api/contents
2025-06-24T23:40:17.492-05:00 DEBUG 212880 --- [SkillLink] [nio-8080-exec-5] o.s.web.servlet.DispatcherServlet        : POST "/api/contents", parameters={}
2025-06-24T23:40:17.493-05:00 DEBUG 212880 --- [SkillLink] [nio-8080-exec-5] s.w.s.m.m.a.RequestMappingHandlerMapping : Mapped to com.bad.batch.controller.ContentController#createContent(ContentRequest)
2025-06-24T23:40:17.500-05:00 DEBUG 212880 --- [SkillLink] [nio-8080-exec-5] o.s.web.method.HandlerMethod             : Could not resolve parameter [0] in public org.springframework.http.ResponseEntity<com.bad.batch.dto.response.ContentResponse> com.bad.batch.controller.ContentController.createContent(com.bad.batch.dto.request.ContentRequest): JSON parse error: Cannot deserialize value of type `com.bad.batch.model.enums.MentorshipType` from String "INDIVIDUAL": not one of the values accepted for Enum class: [WEBINAR, GROUP, ONE_ON_ONE]
2025-06-24T23:40:17.500-05:00  WARN 212880 --- [SkillLink] [nio-8080-exec-5] .w.s.m.s.DefaultHandlerExceptionResolver : Resolved [org.springframework.http.converter.HttpMessageNotReadableException: JSON parse error: Cannot deserialize value of type `com.bad.batch.model.enums.MentorshipType` from String "INDIVIDUAL": not one of the values accepted for Enum class: [WEBINAR, GROUP, ONE_ON_ONE]]
2025-06-24T23:40:17.500-05:00 DEBUG 212880 --- [SkillLink] [nio-8080-exec-5] o.s.web.servlet.DispatcherServlet        : Completed 400 BAD_REQUEST
2025-06-24T23:40:17.500-05:00 DEBUG 212880 --- [SkillLink] [nio-8080-exec-5] o.s.security.web.FilterChainProxy        : Securing POST /error
2025-06-24T23:40:17.501-05:00 DEBUG 212880 --- [SkillLink] [nio-8080-exec-5] o.s.security.web.FilterChainProxy        : Secured POST /error
2025-06-24T23:40:17.501-05:00 DEBUG 212880 --- [SkillLink] [nio-8080-exec-5] o.s.web.servlet.DispatcherServlet        : "ERROR" dispatch for POST "/error", parameters={}
2025-06-24T23:40:17.501-05:00 DEBUG 212880 --- [SkillLink] [nio-8080-exec-5] s.w.s.m.m.a.RequestMappingHandlerMapping : Mapped to org.springframework.boot.autoconfigure.web.servlet.error.BasicErrorController#error(HttpServletRequest)
2025-06-24T23:40:17.502-05:00 DEBUG 212880 --- [SkillLink] [nio-8080-exec-5] o.s.w.s.m.m.a.HttpEntityMethodProcessor  : Using 'application/json', given [*/*] and supported [application/json, application/*+json]
2025-06-24T23:40:17.502-05:00 DEBUG 212880 --- [SkillLink] [nio-8080-exec-5] o.s.w.s.m.m.a.HttpEntityMethodProcessor  : Writing [{timestamp=Tue Jun 24 23:40:17 COT 2025, status=400, error=Bad Request, trace=org.springframework.ht (truncated)...]
2025-06-24T23:40:17.503-05:00 DEBUG 212880 --- [SkillLink] [nio-8080-exec-5] o.s.web.servlet.DispatcherServlet        : Exiting from "ERROR" dispatch, status 400
2025-06-24T23:40:17.503-05:00 DEBUG 212880 --- [SkillLink] [nio-8080-exec-5] o.s.s.w.a.AnonymousAuthenticationFilter  : Set SecurityContextHolder to anonymous SecurityContext
2025-06-24T23:41:37.567-05:00 DEBUG 212880 --- [SkillLink] [ionShutdownHook] org.springframework.web.SimpLogging      : clientOutboundChannel removed SubProtocolWebSocketHandler[StompSubProtocolHandler[v10.stomp, v11.stomp, v12.stomp]]
2025-06-24T23:41:37.567-05:00 DEBUG 212880 --- [SkillLink] [ionShutdownHook] org.springframework.web.SimpLogging      : clientInboundChannel removed WebSocketAnnotationMethodMessageHandler[prefixes=[/app/]]
2025-06-24T23:41:37.567-05:00  INFO 212880 --- [SkillLink] [ionShutdownHook] o.s.m.s.b.SimpleBrokerMessageHandler     : Stopping...
2025-06-24T23:41:37.567-05:00  INFO 212880 --- [SkillLink] [ionShutdownHook] o.s.m.s.b.SimpleBrokerMessageHandler     : BrokerAvailabilityEvent[available=false, SimpleBrokerMessageHandler [org.springframework.messaging.simp.broker.DefaultSubscriptionRegistry@2807faff]]
2025-06-24T23:41:37.567-05:00 DEBUG 212880 --- [SkillLink] [ionShutdownHook] org.springframework.web.SimpLogging      : clientInboundChannel removed SimpleBrokerMessageHandler [org.springframework.messaging.simp.broker.DefaultSubscriptionRegistry@2807faff]
2025-06-24T23:41:37.567-05:00 DEBUG 212880 --- [SkillLink] [ionShutdownHook] org.springframework.web.SimpLogging      : brokerChannel removed SimpleBrokerMessageHandler [org.springframework.messaging.simp.broker.DefaultSubscriptionRegistry@2807faff]
2025-06-24T23:41:37.567-05:00  INFO 212880 --- [SkillLink] [ionShutdownHook] o.s.m.s.b.SimpleBrokerMessageHandler     : Stopped.
2025-06-24T23:41:37.567-05:00 DEBUG 212880 --- [SkillLink] [ionShutdownHook] org.springframework.web.SimpLogging      : clientInboundChannel removed UserDestinationMessageHandler[DefaultUserDestinationResolver[prefix=/user/]]
2025-06-24T23:41:37.567-05:00 DEBUG 212880 --- [SkillLink] [ionShutdownHook] org.springframework.web.SimpLogging      : brokerChannel removed UserDestinationMessageHandler[DefaultUserDestinationResolver[prefix=/user/]]
2025-06-24T23:41:37.571-05:00  INFO 212880 --- [SkillLink] [ionShutdownHook] j.LocalContainerEntityManagerFactoryBean : Closing JPA EntityManagerFactory for persistence unit 'default'
2025-06-24T23:41:37.574-05:00  INFO 212880 --- [SkillLink] [ionShutdownHook] com.zaxxer.hikari.HikariDataSource       : HikariPool-1 - Shutdown initiated...
2025-06-24T23:41:37.575-05:00  INFO 212880 --- [SkillLink] [ionShutdownHook] com.zaxxer.hikari.HikariDataSource       : HikariPool-1 - Shutdown completed.
